11:56:05: Creating resource group General
11:56:05: Creating resource group Internal
11:56:05: Creating resource group Autodetect
11:56:05: SceneManagerFactory for type 'DefaultSceneManager' registered.
11:56:05: Registering ResourceManager for type Material
11:56:05: Registering ResourceManager for type Mesh
11:56:05: Registering ResourceManager for type Skeleton
11:56:05: MovableObjectFactory for type 'ParticleSystem' registered.
11:56:05: OverlayElementFactory for type Panel registered.
11:56:05: OverlayElementFactory for type BorderPanel registered.
11:56:05: OverlayElementFactory for type TextArea registered.
11:56:05: Registering ResourceManager for type Font
11:56:05: ArchiveFactory for archive type FileSystem registered.
11:56:05: ArchiveFactory for archive type Zip registered.
11:56:05: ArchiveFactory for archive type EmbeddedZip registered.
11:56:05: DDS codec registering
11:56:05: FreeImage version: 3.15.3
11:56:05: This program uses FreeImage, a free, open source image library supporting all common bitmap formats. See http://freeimage.sourceforge.net for details
11:56:05: Supported formats: bmp,ico,jpg,jif,jpeg,jpe,jng,koa,iff,lbm,mng,pbm,pbm,pcd,pcx,pgm,pgm,png,ppm,ppm,ras,tga,targa,tif,tiff,wap,wbmp,wbm,psd,cut,xbm,xpm,gif,hdr,g3,sgi,exr,j2k,j2c,jp2,pfm,pct,pict,pic,3fr,arw,bay,bmq,cap,cine,cr2,crw,cs1,dc2,dcr,drf,dsc,dng,erf,fff,ia,iiq,k25,kc2,kdc,mdc,mef,mos,mrw,nef,nrw,orf,pef,ptx,pxn,qtk,raf,raw,rdc,rw2,rwl,rwz,sr2,srf,srw,sti
11:56:05: Registering ResourceManager for type HighLevelGpuProgram
11:56:05: Registering ResourceManager for type Compositor
11:56:05: MovableObjectFactory for type 'Entity' registered.
11:56:05: MovableObjectFactory for type 'Light' registered.
11:56:05: MovableObjectFactory for type 'BillboardSet' registered.
11:56:05: MovableObjectFactory for type 'ManualObject' registered.
11:56:05: MovableObjectFactory for type 'BillboardChain' registered.
11:56:05: MovableObjectFactory for type 'RibbonTrail' registered.
11:56:05: Loading library .\RenderSystem_Direct3D9
11:56:05: OGRE EXCEPTION(7:InternalErrorException): Could not load dynamic library .\RenderSystem_Direct3D9.  System Error: The specified module could not be found.
 in DynLib::load at ..\..\..\..\OgreMain\src\OgreDynLib.cpp (line 93)
